<?xml version="1.0" encoding="UTF-8"?>
<!-- Generated by org.testng.reporters.JUnitReportReporter -->
<testsuite hostname="LAPTOP-N0O7LF76" failures="0" tests="1" name="com.Actitime.Generic.Baseclass" time="12.078" errors="0" timestamp="2022-11-29T16:14:14 IST" skipped="0">
  <testcase classname="com.Actitime.Generic.Baseclass" name="createcustomer" time="12.078"/>
  <system-out>
    <![CDATA[customer created]]>
  </system-out>
</testsuite> <!-- com.Actitime.Generic.Baseclass -->
