<?xml version="1.0" encoding="UTF-8"?>
<!-- Generated by org.testng.reporters.JUnitReportReporter -->
<testsuite hostname="LAPTOP-N0O7LF76" failures="0" tests="1" name="com.Actitime.Testscripts.CreateCustomer" time="37.566" errors="0" timestamp="2022-12-05T14:12:26 IST" skipped="0">
  <testcase classname="com.Actitime.Testscripts.CreateCustomer" name="createcustomer" time="37.566"/>
  <system-out>
    <![CDATA[test started
testscript passed]]>
  </system-out>
</testsuite> <!-- com.Actitime.Testscripts.CreateCustomer -->
